[    0.000000] Linux version 4.15.0-121-generic (buildd@lgw01-amd64-034) (gcc version 7.5.0 (Ubuntu 7.5.0-3ubuntu1~18.04)) #123-Ubuntu SMP Mon Oct 5 16:16:40 UTC 2020 (Ubuntu 4.15.0-121.123-generic 4.15.18)
[    0.000000] Command line: BOOT_IMAGE=/boot/vmlinuz-4.15.0-121-generic root=LABEL=cloudimg-rootfs ro console=tty1 console=ttyS0
[    0.000000] KERNEL supported cpus:
[    0.000000]   Intel GenuineIntel
[    0.000000]   AMD AuthenticAMD
[    0.000000]   Centaur CentaurHauls
[    0.000000] x86/fpu: x87 FPU will use FXSAVE
[    0.000000] e820: BIOS-provided physical RAM map:
[    0.000000] BIOS-e820: [mem 0x0000000000000000-0x000000000009fbff] usable
[    0.000000] BIOS-e820: [mem 0x000000000009fc00-0x000000000009ffff] reserved
[    0.000000] BIOS-e820: [mem 0x00000000000f0000-0x00000000000fffff] reserved
[    0.000000] BIOS-e820: [mem 0x0000000000100000-0x000000001ffeffff] usable
[    0.000000] BIOS-e820: [mem 0x000000001fff0000-0x000000001fffffff] ACPI data
[    0.000000] BIOS-e820: [mem 0x00000000fec00000-0x00000000fec00fff] reserved
[    0.000000] BIOS-e820: [mem 0x00000000fee00000-0x00000000fee00fff] reserved
[    0.000000] BIOS-e820: [mem 0x00000000fffc0000-0x00000000ffffffff] reserved
[    0.000000] NX (Execute Disable) protection: active
[    0.000000] SMBIOS 2.5 present.
[    0.000000] DMI: innotek GmbH VirtualBox/VirtualBox, BIOS VirtualBox 12/01/2006
[    0.000000] Hypervisor detected: KVM
[    0.000000] e820: last_pfn = 0x1fff0 max_arch_pfn = 0x400000000
[    0.000000] MTRR: Disabled
[    0.000000] x86/PAT: MTRRs disabled, skipping PAT initialization too.
[    0.000000] CPU MTRRs all blank - virtualized system.
[    0.000000] x86/PAT: Configuration [0-7]: WB  WT  UC- UC  WB  WT  UC- UC  
[    0.000000] found SMP MP-table at [mem 0x0009fff0-0x0009ffff]
[    0.000000] Scanning 1 areas for low memory corruption
[    0.000000] RAMDISK: [mem 0x1db51000-0x1ee16fff]
[    0.000000] ACPI: Early table checksum verification disabled
[    0.000000] ACPI: RSDP 0x00000000000E0000 000024 (v02 VBOX  )
[    0.000000] ACPI: XSDT 0x000000001FFF0030 00003C (v01 VBOX   VBOXXSDT 00000001 ASL  00000061)
[    0.000000] ACPI: FACP 0x000000001FFF00F0 0000F4 (v04 VBOX   VBOXFACP 00000001 ASL  00000061)
[    0.000000] ACPI: DSDT 0x000000001FFF0470 002325 (v02 VBOX   VBOXBIOS 00000002 INTL 20100528)
[    0.000000] ACPI: FACS 0x000000001FFF0200 000040
[    0.000000] ACPI: FACS 0x000000001FFF0200 000040
[    0.000000] ACPI: APIC 0x000000001FFF0240 000054 (v02 VBOX   VBOXAPIC 00000001 ASL  00000061)
[    0.000000] ACPI: SSDT 0x000000001FFF02A0 0001CC (v01 VBOX   VBOXCPUT 00000002 INTL 20100528)
[    0.000000] No NUMA configuration found
[    0.000000] Faking a node at [mem 0x0000000000000000-0x000000001ffeffff]
[    0.000000] NODE_DATA(0) allocated [mem 0x1ffc5000-0x1ffeffff]
[    0.000000] kvm-clock: cpu 0, msr 0:1ff44001, primary cpu clock
[    0.000000] kvm-clock: Using msrs 4b564d01 and 4b564d00
[    0.000000] kvm-clock: using sched offset of 8178004644 cycles
[    0.000000] clocksource: kvm-clock: mask: 0xffffffffffffffff max_cycles: 0x1cd42e4dffb, max_idle_ns: 881590591483 ns
[    0.000000] Zone ranges:
[    0.000000]   DMA      [mem 0x0000000000001000-0x0000000000ffffff]
[    0.000000]   DMA32    [mem 0x0000000001000000-0x000000001ffeffff]
[    0.000000]   Normal   empty
[    0.000000]   Device   empty
[    0.000000] Movable zone start for each node
[    0.000000] Early memory node ranges
[    0.000000]   node   0: [mem 0x0000000000001000-0x000000000009efff]
[    0.000000]   node   0: [mem 0x0000000000100000-0x000000001ffeffff]
[    0.000000] Reserved but unavailable: 98 pages
[    0.000000] Initmem setup node 0 [mem 0x0000000000001000-0x000000001ffeffff]
[    0.000000] ACPI: PM-Timer IO Port: 0x4008
[    0.000000] IOAPIC[0]: apic_id 1, version 32, address 0xfec00000, GSI 0-23
[    0.000000] ACPI: INT_SRC_OVR (bus 0 bus_irq 0 global_irq 2 dfl dfl)
[    0.000000] ACPI: INT_SRC_OVR (bus 0 bus_irq 9 global_irq 9 low level)
[    0.000000] Using ACPI (MADT) for SMP configuration information
[    0.000000] smpboot: Allowing 1 CPUs, 0 hotplug CPUs
[    0.000000] PM: Registered nosave memory: [mem 0x00000000-0x00000fff]
[    0.000000] PM: Registered nosave memory: [mem 0x0009f000-0x0009ffff]
[    0.000000] PM: Registered nosave memory: [mem 0x000a0000-0x000effff]
[    0.000000] PM: Registered nosave memory: [mem 0x000f0000-0x000fffff]
[    0.000000] e820: [mem 0x20000000-0xfebfffff] available for PCI devices
[    0.000000] Booting paravirtualized kernel on KVM
[    0.000000] clocksource: refined-jiffies: mask: 0xffffffff max_cycles: 0xffffffff, max_idle_ns: 7645519600211568 ns
[    0.000000] random: get_random_bytes called from start_kernel+0x99/0x500 with crng_init=0
[    0.000000] setup_percpu: NR_CPUS:8192 nr_cpumask_bits:1 nr_cpu_ids:1 nr_node_ids:1
[    0.000000] percpu: Embedded 45 pages/cpu s147456 r8192 d28672 u2097152
[    0.000000] PV qspinlock hash table entries: 256 (order: 0, 4096 bytes)
[    0.000000] Built 1 zonelists, mobility grouping on.  Total pages: 128889
[    0.000000] Policy zone: DMA32
[    0.000000] Kernel command line: BOOT_IMAGE=/boot/vmlinuz-4.15.0-121-generic root=LABEL=cloudimg-rootfs ro console=tty1 console=ttyS0
[    0.000000] Memory: 467108K/523832K available (12300K kernel code, 2482K rwdata, 4272K rodata, 2436K init, 2724K bss, 56724K reserved, 0K cma-reserved)
[    0.000000] SLUB: HWalign=64, Order=0-3, MinObjects=0, CPUs=1, Nodes=1
[    0.000000] Kernel/User page tables isolation: enabled
[    0.000000] ftrace: allocating 39402 entries in 154 pages
[    0.004000] Hierarchical RCU implementation.
[    0.004000] 	RCU restricting CPUs from NR_CPUS=8192 to nr_cpu_ids=1.
[    0.004000] 	Tasks RCU enabled.
[    0.004000] RCU: Adjusting geometry for rcu_fanout_leaf=16, nr_cpu_ids=1
[    0.004000] NR_IRQS: 524544, nr_irqs: 256, preallocated irqs: 16
[    0.004000] Console: colour VGA+ 80x25
[    0.004000] console [tty1] enabled
[    0.004000] console [ttyS0] enabled
[    0.004000] ACPI: Core revision 20170831
[    0.004000] ACPI: 2 ACPI AML tables successfully acquired and loaded
[    0.004000] APIC: Switch to symmetric I/O mode setup
[    0.008000] ..TIMER: vector=0x30 apic1=0 pin1=2 apic2=-1 pin2=-1
[    0.008009] tsc: Detected 1799.999 MHz processor
[    0.012023] Calibrating delay loop (skipped) preset value.. 3599.99 BogoMIPS (lpj=7199996)
[    0.016009] pid_max: default: 32768 minimum: 301
[    0.020071] Security Framework initialized
[    0.024008] Yama: becoming mindful.
[    0.028057] AppArmor: AppArmor initialized
[    0.032138] Dentry cache hash table entries: 65536 (order: 7, 524288 bytes)
[    0.036091] Inode-cache hash table entries: 32768 (order: 6, 262144 bytes)
[    0.040035] Mount-cache hash table entries: 1024 (order: 1, 8192 bytes)
[    0.044006] Mountpoint-cache hash table entries: 1024 (order: 1, 8192 bytes)
[    0.048893] Last level iTLB entries: 4KB 64, 2MB 8, 4MB 8
[    0.052007] Last level dTLB entries: 4KB 64, 2MB 0, 4MB 0, 1GB 4
[    0.056004] Spectre V1 : Mitigation: usercopy/swapgs barriers and __user pointer sanitization
[    0.060010] Spectre V2 : Mitigation: Full generic retpoline
[    0.064008] Spectre V2 : Spectre v2 / SpectreRSB mitigation: Filling RSB on context switch
[    0.068007] Speculative Store Bypass: Vulnerable
[    0.072099] MDS: Mitigation: Clear CPU buffers
[    0.088508] Freeing SMP alternatives memory: 36K
[    0.208007] APIC calibration not consistent with PM-Timer: 102ms instead of 100ms
[    0.212000] APIC delta adjusted to PM-Timer: 6312521 (6500370)
[    0.213236] smpboot: CPU0: Intel(R) Core(TM) i5-8250U CPU @ 1.60GHz (family: 0x6, model: 0x8e, stepping: 0xa)
[    0.216151] Performance Events: unsupported p6 CPU model 142 no PMU driver, software events only.
[    0.220089] Hierarchical SRCU implementation.
[    0.225327] NMI watchdog: Perf event create on CPU 0 failed with -2
[    0.228219] NMI watchdog: Perf NMI watchdog permanently disabled
[    0.232061] smp: Bringing up secondary CPUs ...
[    0.236004] smp: Brought up 1 node, 1 CPU
[    0.240008] smpboot: Max logical packages: 1
[    0.244011] smpboot: Total of 1 processors activated (3599.99 BogoMIPS)
[    0.248139] devtmpfs: initialized
[    0.252119] x86/mm: Memory block size: 128MB
[    0.256258] evm: security.selinux
[    0.260050] evm: security.SMACK64
[    0.264003] evm: security.SMACK64EXEC
[    0.268007] evm: security.SMACK64TRANSMUTE
[    0.272007] evm: security.SMACK64MMAP
[    0.276010] evm: security.apparmor
[    0.280007] evm: security.ima
[    0.284003] evm: security.capability
[    0.288302] clocksource: jiffies: mask: 0xffffffff max_cycles: 0xffffffff, max_idle_ns: 7645041785100000 ns
[    0.292026] futex hash table entries: 256 (order: 2, 16384 bytes)
[    0.296061] pinctrl core: initialized pinctrl subsystem
[    0.300571] RTC time:  9:29:12, date: 02/19/21
[    0.304088] NET: Registered protocol family 16
[    0.308082] audit: initializing netlink subsys (disabled)
[    0.312148] cpuidle: using governor ladder
[    0.316007] audit: type=2000 audit(1613726961.316:1): state=initialized audit_enabled=0 res=1
[    0.320007] cpuidle: using governor menu
[    0.324046] ACPI: bus type PCI registered
[    0.328003] acpiphp: ACPI Hot Plug PCI Controller Driver version: 0.5
[    0.332207] PCI: Using configuration type 1 for base access
[    0.336972] HugeTLB registered 2.00 MiB page size, pre-allocated 0 pages
[    0.344271] ACPI: Added _OSI(Module Device)
[    0.348031] ACPI: Added _OSI(Processor Device)
[    0.352008] ACPI: Added _OSI(3.0 _SCP Extensions)
[    0.356007] ACPI: Added _OSI(Processor Aggregator Device)
[    0.360032] ACPI: Added _OSI(Linux-Dell-Video)
[    0.364006] ACPI: Added _OSI(Linux-Lenovo-NV-HDMI-Audio)
[    0.372013] ACPI: Added _OSI(Linux-HPI-Hybrid-Graphics)
[    0.376736] ACPI: Executed 1 blocks of module-level executable AML code
[    0.388630] ACPI: Interpreter enabled
[    0.392028] ACPI: (supports S0 S5)
[    0.396008] ACPI: Using IOAPIC for interrupt routing
[    0.400664] PCI: Using host bridge windows from ACPI; if necessary, use "pci=nocrs" and report a bug
[    0.404213] ACPI: Enabled 2 GPEs in block 00 to 07
[    0.428593] ACPI: PCI Root Bridge [PCI0] (domain 0000 [bus 00-ff])
[    0.432019] acpi PNP0A03:00: _OSC: OS supports [ASPM ClockPM Segments MSI]
[    0.437777] acpi PNP0A03:00: _OSC: not requesting OS control; OS requires [ExtendedConfig ASPM ClockPM MSI]
[    0.444047] acpi PNP0A03:00: fail to add MMCONFIG information, can't access extended PCI configuration space under this bridge.
[    0.452797] PCI host bridge to bus 0000:00
[    0.456012] pci_bus 0000:00: root bus resource [io  0x0000-0x0cf7 window]
[    0.460009] pci_bus 0000:00: root bus resource [io  0x0d00-0xffff window]
[    0.464005] pci_bus 0000:00: root bus resource [mem 0x000a0000-0x000bffff window]
[    0.468005] pci_bus 0000:00: root bus resource [mem 0x20000000-0xfdffffff window]
[    0.472011] pci_bus 0000:00: root bus resource [bus 00-ff]
[    0.490178] pci 0000:00:01.1: legacy IDE quirk: reg 0x10: [io  0x01f0-0x01f7]
[    0.492009] pci 0000:00:01.1: legacy IDE quirk: reg 0x14: [io  0x03f6]
[    0.496011] pci 0000:00:01.1: legacy IDE quirk: reg 0x18: [io  0x0170-0x0177]
[    0.500007] pci 0000:00:01.1: legacy IDE quirk: reg 0x1c: [io  0x0376]
[    0.613081] pci 0000:00:07.0: quirk: [io  0x4000-0x403f] claimed by PIIX4 ACPI
[    0.616030] pci 0000:00:07.0: quirk: [io  0x4100-0x410f] claimed by PIIX4 SMB
[    0.645585] ACPI: PCI Interrupt Link [LNKA] (IRQs 5 9 10 *11)
[    0.648516] ACPI: PCI Interrupt Link [LNKB] (IRQs 5 9 *10 11)
[    0.656146] ACPI: PCI Interrupt Link [LNKC] (IRQs 5 *9 10 11)
[    0.660458] ACPI: PCI Interrupt Link [LNKD] (IRQs 5 9 10 *11)
[    0.664574] SCSI subsystem initialized
[    0.668304] pci 0000:00:02.0: vgaarb: setting as boot VGA device
[    0.672000] pci 0000:00:02.0: vgaarb: VGA device added: decodes=io+mem,owns=io+mem,locks=none
[    0.672020] pci 0000:00:02.0: vgaarb: bridge control possible
[    0.676007] vgaarb: loaded
[    0.680036] ACPI: bus type USB registered
[    0.684043] usbcore: registered new interface driver usbfs
[    0.688032] usbcore: registered new interface driver hub
[    0.692015] usbcore: registered new device driver usb
[    0.696180] EDAC MC: Ver: 3.0.0
[    0.705555] PCI: Using ACPI for IRQ routing
[    0.712410] NetLabel: Initializing
[    0.716007] NetLabel:  domain hash size = 128
[    0.720002] NetLabel:  protocols = UNLABELED CIPSOv4 CALIPSO
[    0.724053] NetLabel:  unlabeled traffic allowed by default
[    0.728357] clocksource: Switched to clocksource kvm-clock
[    0.840533] VFS: Disk quotas dquot_6.6.0
[    0.844281] VFS: Dquot-cache hash table entries: 512 (order 0, 4096 bytes)
[    0.850366] AppArmor: AppArmor Filesystem Enabled
[    0.855456] pnp: PnP ACPI init
[    0.861238] pnp: PnP ACPI: found 3 devices
[    0.873975] clocksource: acpi_pm: mask: 0xffffff max_cycles: 0xffffff, max_idle_ns: 2085701024 ns
[    0.881668] NET: Registered protocol family 2
[    0.885722] TCP established hash table entries: 4096 (order: 3, 32768 bytes)
[    0.892577] TCP bind hash table entries: 4096 (order: 4, 65536 bytes)
[    0.898542] TCP: Hash tables configured (established 4096 bind 4096)
[    0.906018] UDP hash table entries: 256 (order: 1, 8192 bytes)
[    0.925101] UDP-Lite hash table entries: 256 (order: 1, 8192 bytes)
[    0.940766] NET: Registered protocol family 1
[    0.952212] pci 0000:00:00.0: Limiting direct PCI/PCI transfers
[    0.966795] pci 0000:00:01.0: Activating ISA DMA hang workarounds
[    0.976905] pci 0000:00:02.0: Video device with shadowed ROM at [mem 0x000c0000-0x000dffff]
[    0.995314] Unpacking initramfs...
[    2.464191] Freeing initrd memory: 19224K
[    2.475288] clocksource: tsc: mask: 0xffffffffffffffff max_cycles: 0x19f228ab7a2, max_idle_ns: 440795289252 ns
[    2.494323] platform rtc_cmos: registered platform RTC device (no PNP device found)
[    2.508862] Scanning for low memory corruption every 60 seconds
[    2.522398] Initialise system trusted keyrings
[    2.533267] Key type blacklist registered
[    2.543641] workingset: timestamp_bits=36 max_order=17 bucket_order=0
[    2.560765] zbud: loaded
[    2.568041] squashfs: version 4.0 (2009/01/31) Phillip Lougher
[    2.579535] fuse init (API version 7.26)
[    2.598007] Key type asymmetric registered
[    2.609331] Asymmetric key parser 'x509' registered
[    2.621535] Block layer SCSI generic (bsg) driver version 0.4 loaded (major 246)
[    2.641236] io scheduler noop registered
[    2.651944] io scheduler deadline registered
[    2.660644] io scheduler cfq registered (default)
[    2.673360] ACPI: AC Adapter [AC] (off-line)
[    2.686228] input: Power Button as /devices/LNXSYSTM:00/LNXPWRBN:00/input/input0
[    2.700780] ACPI: Power Button [PWRF]
[    2.710370] input: Sleep Button as /devices/LNXSYSTM:00/LNXSLPBN:00/input/input1
[    2.726893] ACPI: Sleep Button [SLPF]
[    2.740935] Serial: 8250/16550 driver, 32 ports, IRQ sharing enabled
[    2.753119] ACPI: Battery Slot [BAT0] (battery present)
[    2.822152] 00:02: ttyS0 at I/O 0x3f8 (irq = 4, base_baud = 115200) is a 16550A
[    2.846251] Linux agpgart interface v0.103
[    2.882121] loop: module loaded
[    2.895364] scsi host0: ata_piix
[    2.904602] scsi host1: ata_piix
[    2.910640] ata1: PATA max UDMA/33 cmd 0x1f0 ctl 0x3f6 bmdma 0xd000 irq 14
[    2.933857] ata2: PATA max UDMA/33 cmd 0x170 ctl 0x376 bmdma 0xd008 irq 15
[    2.955654] libphy: Fixed MDIO Bus: probed
[    2.967559] tun: Universal TUN/TAP device driver, 1.6
[    2.979805] PPP generic driver version 2.4.2
[    2.988038] ehci_hcd: USB 2.0 'Enhanced' Host Controller (EHCI) Driver
[    2.995231] ehci-pci: EHCI PCI platform driver
[    3.001423] ehci-platform: EHCI generic platform driver
[    3.013689] ohci_hcd: USB 1.1 'Open' Host Controller (OHCI) Driver
[    3.023454] ohci-pci: OHCI PCI platform driver
[    3.028855] ohci-pci 0000:00:06.0: OHCI PCI host controller
[    3.033343] ohci-pci 0000:00:06.0: new USB bus registered, assigned bus number 1
[    3.040219] ohci-pci 0000:00:06.0: irq 22, io mem 0xf0804000
[    3.111030] usb usb1: New USB device found, idVendor=1d6b, idProduct=0001
[    3.132054] usb usb1: New USB device strings: Mfr=3, Product=2, SerialNumber=1
[    3.153063] usb usb1: Product: OHCI PCI host controller
[    3.171005] usb usb1: Manufacturer: Linux 4.15.0-121-generic ohci_hcd
[    3.185375] usb usb1: SerialNumber: 0000:00:06.0
[    3.322197] hub 1-0:1.0: USB hub found
[    3.337290] hub 1-0:1.0: 12 ports detected
[    3.358819] ohci-platform: OHCI generic platform driver
[    3.378212] uhci_hcd: USB Universal Host Controller Interface driver
[    3.401763] i8042: PNP: PS/2 Controller [PNP0303:PS2K,PNP0f03:PS2M] at 0x60,0x64 irq 1,12
[    3.434871] serio: i8042 KBD port at 0x60,0x64 irq 1
[    3.446751] serio: i8042 AUX port at 0x60,0x64 irq 12
[    3.463896] mousedev: PS/2 mouse device common for all mice
[    3.490727] rtc_cmos rtc_cmos: rtc core: registered rtc_cmos as rtc0
[    3.501413] input: AT Translated Set 2 keyboard as /devices/platform/i8042/serio0/input/input2
[    3.514711] rtc_cmos rtc_cmos: alarms up to one day, 114 bytes nvram
[    3.534042] i2c /dev entries driver
[    3.543339] device-mapper: uevent: version 1.0.3
[    3.556528] device-mapper: ioctl: 4.37.0-ioctl (2017-09-20) initialised: dm-devel@redhat.com
[    3.575015] ledtrig-cpu: registered to indicate activity on CPUs
[    3.586124] NET: Registered protocol family 10
[    3.609503] Segment Routing with IPv6
[    3.618806] NET: Registered protocol family 17
[    3.626590] Key type dns_resolver registered
[    3.631121] mce: Using 0 MCE banks
[    3.639149] RAS: Correctable Errors collector initialized.
[    3.647753] sched_clock: Marking stable (3647623687, 0)->(5916687590, -2269063903)
[    3.658999] registered taskstats version 1
[    3.667443] Loading compiled-in X.509 certificates
[    3.683232] Loaded X.509 cert 'Build time autogenerated kernel key: 517b2180bafe62ad6f81db3336688475b28504c0'
[    3.702086] zswap: loaded using pool lzo/zbud
[    3.721958] Key type big_key registered
[    3.732541] Key type trusted registered
[    3.746040] Key type encrypted registered
[    3.757063] AppArmor: AppArmor sha1 policy hashing enabled
[    3.768921] ima: No TPM chip found, activating TPM-bypass! (rc=-19)
[    3.781199] ima: Allocated hash algorithm: sha1
[    3.792031] evm: HMAC attrs: 0x1
[    3.799781]   Magic number: 9:282:475
[    3.811104] rtc_cmos rtc_cmos: setting system clock to 2021-02-19 09:29:16 UTC (1613726956)
[    3.828124] BIOS EDD facility v0.16 2004-Jun-25, 0 devices found
[    3.842879] EDD information not available.
[    3.857777] Freeing unused kernel image memory: 2436K
[    3.876940] Write protecting the kernel read-only data: 20480k
[    3.888935] Freeing unused kernel image memory: 2008K
[    3.897090] Freeing unused kernel image memory: 1872K
[    3.933717] x86/mm: Checked W+X mappings: passed, no W+X pages found.
[    3.945597] x86/mm: Checking user space page tables
[    3.965414] x86/mm: Checked W+X mappings: passed, no W+X pages found.
Loading, please wait...
starting version 237
[    4.209057] e1000: Intel(R) PRO/1000 Network Driver - version 7.3.21-k8-NAPI
[    4.217095] e1000: Copyright (c) 1999-2006 Intel Corporation.
[    4.231105] Fusion MPT base driver 3.04.20
[    4.241708] Copyright (c) 1999-2008 LSI Corporation
[    4.435146] Fusion MPT SPI Host driver 3.04.20
[    4.661621] input: ImExPS/2 Generic Explorer Mouse as /devices/platform/i8042/serio1/input/input4
[    5.711631] e1000 0000:00:03.0 eth0: (PCI:33MHz:32-bit) 02:c6:b0:25:69:cb
[    5.731471] e1000 0000:00:03.0 eth0: Intel(R) PRO/1000 Network Connection
[    5.747538] mptbase: ioc0: Initiating bringup
[    5.879600] ioc0: LSI53C1030 A0: Capabilities={Initiator}
[    6.202822] scsi host2: ioc0: LSI53C1030 A0, FwRev=00000000h, Ports=1, MaxQ=256, IRQ=20
[    6.386118] scsi 2:0:0:0: Direct-Access     VBOX     HARDDISK         1.0  PQ: 0 ANSI: 5
[    6.399781] scsi target2:0:0: Beginning Domain Validation
[    6.407224] random: fast init done
[    6.416409] scsi target2:0:0: Domain Validation skipping write tests
[    6.421559] scsi target2:0:0: Ending Domain Validation
[    6.427648] scsi target2:0:0: asynchronous
[    6.504174] scsi 2:0:1:0: Direct-Access     VBOX     HARDDISK         1.0  PQ: 0 ANSI: 5
[    6.541107] scsi target2:0:1: Beginning Domain Validation
[    6.766950] scsi target2:0:1: Domain Validation skipping write tests
[    6.780476] scsi target2:0:1: Ending Domain Validation
[    6.812799] scsi target2:0:1: asynchronous
[    7.123905] sd 2:0:0:0: Attached scsi generic sg0 type 0
[    7.139918] sd 2:0:0:0: [sda] 20971520 512-byte logical blocks: (10.7 GB/10.0 GiB)
[    7.156523] random: systemd-udevd: uninitialized urandom read (16 bytes read)
[    7.171185] sd 2:0:1:0: Attached scsi generic sg1 type 0
[    7.182018] sd 2:0:0:0: [sda] Write Protect is off
[    7.208976] sd 2:0:1:0: [sdb] 20480 512-byte logical blocks: (10.5 MB/10.0 MiB)
[    7.222586] sd 2:0:0:0: [sda] Incomplete mode parameter data
[    7.229885] sd 2:0:0:0: [sda] Assuming drive cache: write through
[    7.242291] sd 2:0:1:0: [sdb] Write Protect is off
[    7.254916] random: systemd-udevd: uninitialized urandom read (16 bytes read)
[    7.274191] sd 2:0:1:0: [sdb] Incomplete mode parameter data
[    7.290100] sd 2:0:1:0: [sdb] Assuming drive cache: write through
[    7.326250] random: systemd-udevd: uninitialized urandom read (16 bytes read)
[    7.358344]  sda: sda1
[    7.379961] sd 2:0:0:0: [sda] Attached SCSI disk
[    7.396524] sd 2:0:1:0: [sdb] Attached SCSI disk
[    8.156861] e1000 0000:00:08.0 eth1: (PCI:33MHz:32-bit) 08:00:27:f3:8a:eb
[    8.173965] e1000 0000:00:08.0 eth1: Intel(R) PRO/1000 Network Connection
[    8.188172] e1000 0000:00:08.0 enp0s8: renamed from eth1
[    8.230348] e1000 0000:00:03.0 enp0s3: renamed from eth0
Begin: Loading essential drivers ... [   12.024152] raid6: sse2x1   gen() 10158 MB/s
[   12.076407] raid6: sse2x1   xor()  4021 MB/s
[   12.140727] raid6: sse2x2   gen()  4427 MB/s
[   12.204797] raid6: sse2x2   xor()  3481 MB/s
[   12.269924] raid6: sse2x4   gen()  5304 MB/s
[   12.332158] raid6: sse2x4   xor()  3253 MB/s
[   12.344275] raid6: using algorithm sse2x1 gen() 10158 MB/s
[   12.356977] raid6: .... xor() 4021 MB/s, rmw enabled
[   12.369163] raid6: using ssse3x2 recovery algorithm
[   12.385000] xor: measuring software checksum speed
[   12.500707]    prefetch64-sse: 18866.000 MB/sec
[   12.628432]    generic_sse: 17764.000 MB/sec
[   12.639371] xor: using function: prefetch64-sse (18866.000 MB/sec)
[   12.653016] async_tx: api initialized (async)
done.
Begin: Running /scripts/init-premount ... done.
Begin: Mounting root file system ... Begin: Running /scripts/local-top ... done.
Begin: Running /scripts/local-premount ... [   12.838959] Btrfs loaded, crc32c=crc32c-intel
Scanning for Btrfs filesystems
done.
Warning: fsck not present, so skipping root file system
[   13.015087] EXT4-fs (sda1): mounted filesystem with ordered data mode. Opts: (null)
done.
Begin: Running /scripts/local-bottom ... done.
Begin: Running /scripts/init-bottom ... done.
[   13.552098] ip_tables: (C) 2000-2006 Netfilter Core Team
[   13.618661] systemd[1]: systemd 237 running in system mode. (+PAM +AUDIT +SELINUX +IMA +APPARMOR +SMACK +SYSVINIT +UTMP +LIBCRYPTSETUP +GCRYPT +GNUTLS +ACL +XZ +LZ4 +SECCOMP +BLKID +ELFUTILS +KMOD -IDN2 +IDN -PCRE2 default-hierarchy=hybrid)
[   13.658337] systemd[1]: Detected virtualization oracle.
[   13.668086] systemd[1]: Detected architecture x86-64.

Welcome to [1mUbuntu 18.04.5 LTS[0m!

[   13.695278] systemd[1]: Set hostname to <ubuntu>.
[   13.735097] systemd[1]: Initializing machine ID from random generator.
[   13.746082] systemd[1]: Installed transient /etc/machine-id file.
[   14.598103] systemd[1]: Created slice User and Session Slice.
[[0;32m  OK  [0m] Created slice User and Session Slice.
[   14.622497] systemd[1]: Created slice System Slice.
[[0;32m  OK  [0m] Created slice System Slice.
[   14.644112] systemd[1]: Reached target Slices.
[[0;32m  OK  [0m] Reached target Slices.
[   14.667393] systemd[1]: Listening on Journal Socket.
[[0;32m  OK  [0m] Listening on Journal Socket.
         Mounting Huge Pages File System...
[[0;32m  OK  [0m] Reached target User and Group Name Lookups.
[[0;32m  OK  [0m] Listening on LVM2 poll daemon socket.
[[0;32m  OK  [0m] Reached target System Time Synchronized.
[[0;32m  OK  [0m] Started Forward Password Requests to Wall Directory Watch.
         Starting Create list of required st…ce nodes for the current kernel...
         Starting Remount Root and Kernel File Systems...
[[0;32m  OK  [0m] Listening on udev Control Socket.[   14.824981] EXT4-fs (sda1): re-mounted. Opts: (null)

         Mounting Kernel Debug File System...
[[0;32m  OK  [0m] Listening on Network Service Netlink Socket.
[[0;32m  OK  [0m] Listening on Syslog Socket.
[[0;32m  OK  [0m] Reached target Swap.
[[0;32m  OK  [0m] Listening on Journal Audit Socket.
         Starting Uncomplicated firewall...
[[0;32m  OK  [0m] Listening on udev Kernel Socket.
[[0;32m  OK  [0m] Created slice system-serial\x2dgetty.slice.
[[0;32m  OK  [0m] Listening on LVM2 metadata daemon socket.
[[0;32m  OK  [0m] Set up automount Arbitrary Executab…rmats File System Automount Point.
[[0;32m  OK  [0m] Listening on Journal Socket (/dev/log).
         Starting Journal Service...
[[0;32m  OK  [0m] Listening on Device-mapper event daemon FIFOs.
         Starting Monitoring of LVM2 mirrors…ng dmeventd or progress polling...
         Starting Set the console keyboard layout...
         Starting udev Coldplug all Devices...
[[0;32m  OK  [0m] Listening on /dev/initctl Compatibility Named Pipe.
         Mounting POSIX Message Queue File System...
         Starting Load Kernel Modules...
[[0;32m  OK  [0m] Mounted Huge Pages File System.
[[0;32m  OK  [0m] Started Create list of required sta…vice nodes for the current kernel.
[[0;32m  OK  [0m] Started Remount Root and Kernel File Systems.
[[0;32m  OK  [0m] Started Journal Service.
[[0;32m  OK  [0m] Mounted Kernel Debug File System.
[[0;32m  OK  [0m] Started Uncomplicated firewall.[   15.339444] random: crng init done
[   15.343447] random: 7 urandom warning(s) missed due to ratelimiting

[[0;32m  OK  [0m] Mounted POSIX Message Queue File System.
[[0;32m  OK  [0m] Started LVM2 metadata daemon.
         Starting Flush Journal to Persistent Storage...
[   15.408934] Loading iSCSI transport class v2.0-870.
         Starting Load/Save Random Seed...
         Starting Create Static Device Nodes in /dev...
[   15.525223] systemd-journald[380]: Received request to flush runtime journal from PID 1
[[0;32m  OK  [0m[   15.637296] iscsi: registered transport (tcp)
] Started Monitoring of LVM2 mirrors,…sing dmeventd or progress polling.
[[0;32m  OK  [0m] Started Create Static Device Nodes in /dev.
         Starting udev Kernel Device Manager...
[[0;32m  OK  [0m] Started Load/Save Random Seed.
[[0;32m  OK  [0m] Started Flush Journal to Persistent Storage.
[[0;32m  OK  [0m] Started udev Kernel Device Manager.
[   15.993321] iscsi: registered transport (iser)
[[0;32m  OK  [0m] Started Load Kernel Modules.
         Mounting FUSE Control File System...
         Starting Apply Kernel Variables...
         Mounting Kernel Configuration File System...
[[0;32m  OK  [0m] Mounted FUSE Control File System.
[[0;32m  OK  [0m] Started udev Coldplug all Devices.
[[0;32m  OK  [0m] Mounted Kernel Configuration File System.
[[0;32m  OK  [0m] Started Apply Kernel Variables.
[[0;32m  OK  [0m] Started Set the console keyboard layout.
[[0;32m  OK  [0m] Started Dispatch Password Requests to Console Directory Watch.
[[0;32m  OK  [0m] Reached target Local Encrypted Volumes.
[[0;32m  OK  [0m] Reached target Local File Systems (Pre).
[[0;32m  OK  [0m] Reached target Local File Systems.
         Starting Commit a transient machine-id on disk...
         Starting Create Volatile Files and Directories...
         Starting ebtables ruleset management...
         Starting AppArmor initialization...
         Starting Tell Plymouth To Write Out Runtime Data...
         Starting Set console font and keymap...
[[0;32m  OK  [0m] Started Commit a transient machine-id on disk.
[[0;32m  OK  [0m] Started Tell Plymouth To Write Out Runtime Data.
[[0;32m  OK  [0m] Started Create Volatile Files and Directories.
         Starting Update UTMP about System Boot/Shutdown...
[[0;32m  OK  [0m] Started Set console font and keymap.
[[0;32m  OK  [0m] Started Update UTMP about System Boot/Shutdown.
[[0;32m  OK  [0m] Started ebtables ruleset management.
[[0;32m  OK  [0m] Found device /dev/ttyS0.
[[0;32m  OK  [0m] Listening on Load/Save RF Kill Switch Status /dev/rfkill Watch.
[[0;32m  OK  [0m] Started AppArmor initialization.
         Starting Load AppArmor profiles managed internally by snapd...
         Starting Initial cloud-init job (pre-networking)...
[[0;32m  OK  [0m] Started Load AppArmor profiles managed internally by snapd.
[   25.111165] cloud-init[536]: Cloud-init v. 20.3-2-g371b392c-0ubuntu1~18.04.1 running 'init-local' at Fri, 19 Feb 2021 09:29:36 +0000. Up 24.02 seconds.
[[0;32m  OK  [0m] Started Initial cloud-init job (pre-networking).
[[0;32m  OK  [0m] Reached target Network (Pre).
         Starting Network Service...
[[0;32m  OK  [0m] Started Network Service.
         Starting Wait for Network to be Configured...
         Starting Network Name Resolution...
[[0;32m  OK  [0m] Started Network Name Resolution.
[[0;32m  OK  [0m] Reached target Host and Network Name Lookups.
[[0;32m  OK  [0m] Reached target Network.
[[0;32m  OK  [0m] Started Wait for Network to be Configured.
         Starting Initial cloud-init job (metadata service crawler)...
[   27.426116] cloud-init[641]: Cloud-init v. 20.3-2-g371b392c-0ubuntu1~18.04.1 running 'init' at Fri, 19 Feb 2021 09:29:39 +0000. Up 27.22 seconds.
[   27.442896] cloud-init[641]: ci-info: ++++++++++++++++++++++++++++++++++++++Net device info+++++++++++++++++++++++++++++++++++++++
[   27.457635] cloud-init[641]: ci-info: +--------+-------+----------------------------+---------------+--------+-------------------+
[   27.471588] cloud-init[641]: ci-info: | Device |   Up  |          Address           |      Mask     | Scope  |     Hw-Address    |
[   27.487188] cloud-init[641]: ci-info: +--------+-------+----------------------------+---------------+--------+-------------------+
[   27.505141] cloud-init[641]: ci-info: | enp0s3 |  True |         10.0.2.15          | 255.255.255.0 | global | 02:c6:b0:25:69:cb |
[   27.519718] cloud-init[641]: ci-info: | enp0s3 |  True | fe80::c6:b0ff:fe25:69cb/64 |       .       |  link  | 02:c6:b0:25:69:cb |
[   27.531134] cloud-init[641]: ci-info: | enp0s8 | False |             .              |       .       |   .    | 08:00:27:f3:8a:eb |
[   27.542322] cloud-init[641]: ci-info: |   lo   |  True |         127.0.0.1          |   255.0.0.0   |  host  |         .         |
[   27.558214] cloud-init[641]: ci-info: |   lo   |  True |          ::1/128           |       .       |  host  |         .         |
[   27.570981] cloud-init[641]: ci-info: +--------+-------+----------------------------+---------------+--------+-------------------+
[   27.583112] cloud-init[641]: ci-info: ++++++++++++++++++++++++++++Route IPv4 info+++++++++++++++++++++++++++++
[   27.593695] cloud-init[641]: ci-info: +-------+-------------+----------+-----------------+-----------+-------+
[   27.602948] cloud-init[641]: ci-info: | Route | Destination | Gateway  |     Genmask     | Interface | Flags |
[   27.614743] cloud-init[641]: ci-info: +-------+-------------+----------+-----------------+-----------+-------+
[   27.625273] cloud-init[641]: ci-info: |   0   |   0.0.0.0   | 10.0.2.2 |     0.0.0.0     |   enp0s3  |   UG  |
[   27.643361] cloud-init[641]: ci-info: |   1   |   10.0.2.0  | 0.0.0.0  |  255.255.255.0  |   enp0s3  |   U   |
[   27.658789] cloud-init[641]: ci-info: |   2   |   10.0.2.2  | 0.0.0.0  | 255.255.255.255 |   enp0s3  |   UH  |
[   27.671613] cloud-init[641]: ci-info: +-------+-------------+----------+-----------------+-----------+-------+
[   27.687313] cloud-init[641]: ci-info: +++++++++++++++++++Route IPv6 info+++++++++++++++++++
[   27.697780] cloud-init[641]: ci-info: +-------+-------------+---------+-----------+-------+
[   27.706412] cloud-init[641]: ci-info: | Route | Destination | Gateway | Interface | Flags |
[   27.715649] cloud-init[641]: ci-info: +-------+-------------+---------+-----------+-------+
[   27.731874] cloud-init[641]: ci-info: |   1   |  fe80::/64  |    ::   |   enp0s3  |   U   |
[   27.745286] cloud-init[641]: ci-info: |   3   |    local    |    ::   |   enp0s3  |   U   |
[   27.761440] cloud-init[641]: ci-info: |   4   |   ff00::/8  |    ::   |   enp0s3  |   U   |
[   27.772225] cloud-init[641]: ci-info: +-------+-------------+---------+-----------+-------+
[   28.665533] cloud-init[641]: Generating public/private rsa key pair.
[   28.677423] cloud-init[641]: Your identification has been saved in /etc/ssh/ssh_host_rsa_key.
[   28.696456] cloud-init[641]: Your public key has been saved in /etc/ssh/ssh_host_rsa_key.pub.
[   28.718376] cloud-init[641]: The key fingerprint is:
[   28.725466] cloud-init[641]: SHA256:UGjSGgIJ1e5Y9hYhgAzOMYJhoDe6lcmOID1EznMyQkc root@ubuntu-bionic
[   28.740354] cloud-init[641]: The key's randomart image is:
[   28.753518] cloud-init[641]: +---[RSA 2048]----+
[   28.772210] cloud-init[641]: |&@=E . ..        |
[   28.779437] cloud-init[641]: |@== = =.         |[[0;32m  OK  [0m] Started Initial cloud-init job (metadata service crawler).
[   28.794252] cloud-init
[[0;32m  OK  [0m] [641]: |ooXo.*..         |
Reached target Cloud-config availability.
[[0;32m  OK  [0m] Reached target System Initialization.
[   28.815149] cloud-init[641]: | B O= ..         |[[0;32m  OK  [0m] Started ACPI Events Check.
[[0;32m  OK  [0m
[   28.833487] cloud-init[641]: |+ B= . .S        |] Listening on Open-iSCSI iscsid Socket.
[[0;32m  OK  [0m] Started Daily apt download activities.
[   28.849786] cloud-init[641]: 
[[0;32m  OK  [0m|o=... o          |
] Started Daily apt upgrade and clean activities.[   28.868240] 
cloud-init[641]: [[0;32m  OK  [0m|o .  .           |] Listening on ACPID Listen Socket.
[   28.897698] 
[[0;32m  OK  [0mcloud-init[641]: |                 |
[   28.907920] ] Reached target Paths.
[cloud-init[641]: |                 |
[0;32m  OK  [0m] Started Discard unused blocks once a week.[   28.921823] cloud-init[641]: 
[[0;32m  OK  [0m] Listening on UUID daemon activation socket.+----[SHA256]-----+
[   28.931730] cloud-init[641]: Generating public/private dsa key pair.
[[0;32m  OK  [0m] Started Daily Cleanup of Temporary Directories.

[[0;32m  OK  [0m] [   28.944605] cloud-init[641]: Your identification has been saved in /etc/ssh/ssh_host_dsa_key.Started Message of the Day.
[
[   28.953605] cloud-init[641]: [0;32m  OK  [0m] Reached target Timers.
Your public key has been saved in /etc/ssh/ssh_host_dsa_key.pub.
[   28.963463]          Starting LXD - unix socket.
cloud-init[641]: The key fingerprint is:
[[0;32m  OK  [0m] Listening on D-Bus System Message Bus Socket.
         [   28.987958] Starting Socket activation for snappy daemon.
cloud-init[641]: SHA256:G4PIK5FjxL7ijc9cwHbsQx2QywC79PeXkkrbEqOBRHc root@ubuntu-bionic[[0;32m  OK  [0m] Reached target Network is Online.
[[0;32m  OK  [0m] 
[   29.010130] cloud-init[641]: Reached target Remote File Systems (Pre).
[[0;32m  OK  [0m] Reached target Remote File Systems.
The key's randomart image is:
[   29.026086] cloud-init         Starting Availability of block devices...
[[641]: +---[DSA 1024]----+
[   29.034919] cloud-init[0;32m  OK  [0m] Listening on LXD - unix socket.
[[0;32m  OK  [0m] Listening on Socket activation for snappy daemon.
[641]: [[0;32m  OK  [0m] Started Availability of block devices.| ..  ..          |

[[0;32m  OK  [0m] [   29.066058] cloud-init[641]: Reached target Sockets.
[[0;32m  OK  [0m| o.o E.          |] Reached target Basic System.

[[   29.090833] [0;32m  OK  [0m] Started FUSE filesystem for LXC.cloud-init
[641]: |.o+ + ..         |
[   29.121662] cloud-init[641]: |.++o.+...        |
         Starting Dispatcher daemon for systemd-networkd...
[   29.136808] cloud-init[641]: |..B=o=..S        |         Starting Pollinate to seed the pseudo random number generator...
[[0;32m  OK  [0m] Started Deferred execution scheduler.
         Starting LSB: automatic crash report generation...
         Starting Permit User Sessions...
         Starting Login Service...
[[0;32m  OK  [0m] Started irqbalance daemon.
         Starting System Logging Service...

[   29.237895] cloud-init[641]: | o.=*+. .+.      |
[   29.254182] cloud-init[641]: [[0;32m  OK  [0m] Started Regular background program processing daemon.|. o +=o+.o       |

         Starting Virtualbox guest utils...
         Starting Accounts Service...
[   29.341957] cloud-init[641]: |..=oo.= o        |
[   29.383682] cloud-init[641]: | o.= o..         |
[   29.411693] cloud-init[641]: +----[SHA256]-----+
[   29.434556] cloud-init[641]:          Starting Snap Daemon...
Generating public/private ecdsa key pair.         Starting LSB: Record successful boot for GRUB...

[[0;32m  OK  [0m] Started D-Bus System Message Bus.
[   29.497364] cloud-init[641]: Your identification has been saved in /etc/ssh/ssh_host_ecdsa_key.
[   29.523899] cloud-init[641]: Your public key has been saved in /etc/ssh/ssh_host_ecdsa_key.pub.
[   29.586504] cloud-init[641]: The key fingerprint is:
[   29.621474] cloud-init[641]: SHA256:SAZfJSp7JyM04tZpfFPRKKJaB+DxDGni4ESrCCVQRZo root@ubuntu-bionic
[   29.653709] cloud-init[641]: The key's randomart image is:
[   29.671840] cloud-init[641]: +---[ECDSA 256]---+
[   29.699474] cloud-init[641]: |**+o+   ++.      |
[   29.738605] cloud-init[641]: |+*Bo.o.o.o.      |
[[0;32m  OK  [0m] Started Login Service.
[   29.798049] cloud-init[[0;32m  OK  [0m] Started Unattended Upgrades Shutdown.
[641]:          Starting LXD - container startup/shutdown...|OoE=+.=..        |

[[0;32m  OK  [0m] Started System Logging Service.[   29.858876] 
[[0;32m  OK  [0m] Started Permit User Sessions.
cloud-init[641]: |++o=.B o         |         Starting Hold until boot process finishes up...

         Starting Terminate Plymouth Boot Screen...
[[0;32m  OK  [0m] Started Hold until boot process finishes up.
[   29.965387] [[0;32m  OK  [0m] Started Terminate Plymouth Boot Screen.
[[0;32m  OK  [0m] Started Serial Getty on ttyS0.
         Starting Set console scheme...
cloud-init[641]: |ooo.B B S        |
[   30.016629] cloud-init[641]: |.. . + =         |
[   30.042347] cloud-init[641]: |                 |
[   30.074013] cloud-init[641]: |                 |
[   30.104218] cloud-init[641]: |                 |
[   30.135739] cloud-init[641]: +----[SHA256]-----+
         Starting Authorization Manager...
[   30.215101] cloud-init[641]: [[0;32m  OK  [0m] Started LSB: Record successful boot for GRUB.
Generating public/private ed25519 key pair.[[0;32m  OK  [0m] Started Set console scheme.
[[0;32m  OK  [0m] Created slice system-getty.slice.
[[0;32m  OK  [0m] Started Getty on tty1.
[[0;32m  OK  [0m] Reached target Login Prompts.

[[0;32m  OK  [0m[   30.297042] ] Started LSB: automatic crash report generation.
cloud-init[641]: Your identification has been saved in /etc/ssh/ssh_host_ed25519_key.
[   30.368427] cloud-init[641]: Your public key has been saved in /etc/ssh/ssh_host_ed25519_key.pub.
[   30.452974] cloud-init[641]: The key fingerprint is:
[   30.479709] cloud-init[641]: SHA256:sB9Ih3FPQrqfaGmYOIPQjLkz5HABz4RiswKyN5EjzDA root@ubuntu-bionic
[[0;32m  OK  [0m] Started Authorization Manager.
[[0;32m  OK  [0m] Started Accounts Service.
[   30.532862] cloud-init[641]: The key's randomart image is:
[   30.569898] cloud-init[641]: +--[ED25519 256]--+
[   30.608873] cloud-init[641]: |E...  ..+ .      |
[   30.639176] cloud-init[641]: |*@+    = +       |
[   30.717809] cloud-init[641]: |=o*o  = . .      |
[   30.746246] cloud-init[641]: |o*o. . *         |
[   30.790978] cloud-init[[0;32m  OK  [0m] Started Virtualbox guest utils.
[641]: |*o+.  + S        |
[   30.882984] cloud-init[641]: |=+ . o = o       |
[[0;32m  OK  [0m] Started Dispatcher daemon for systemd-networkd.[   30.897832] 
cloud-init[641]: |=.+ o = +        |
[   30.929147] cloud-init[641]: | o o o           |
[   31.046410] cloud-init[641]: |                 |
[   31.064533] cloud-init[641]: +----[SHA256]-----+
[[0;32m  OK  [0m] Started LXD - container startup/shutdown.
[[0;32m  OK  [0m] Started Snap Daemon.
         Starting Wait until snapd is fully seeded...
[[0;32m  OK  [0m] Started Wait until snapd is fully seeded.
         Starting Apply the settings specified in cloud-config...
[   34.612415] cloud-init[958]: Cloud-init v. 20.3-2-g371b392c-0ubuntu1~18.04.1 running 'modules:config' at Fri, 19 Feb 2021 09:29:46 +0000. Up 33.82 seconds.
[[0;32m  OK  [0m] Started Apply the settings specified in cloud-config.

Ubuntu 18.04.5 LTS ubuntu-bionic ttyS0

ubuntu-bionic login: ci-info: no authorized SSH keys fingerprints found for user ubuntu.
<14>Feb 19 09:29:51 ec2: 
<14>Feb 19 09:29:52 ec2: #############################################################
<14>Feb 19 09:29:52 ec2: -----BEGIN SSH HOST KEY FINGERPRINTS-----
<14>Feb 19 09:29:52 ec2: 1024 SHA256:G4PIK5FjxL7ijc9cwHbsQx2QywC79PeXkkrbEqOBRHc root@ubuntu-bionic (DSA)
<14>Feb 19 09:29:52 ec2: 256 SHA256:SAZfJSp7JyM04tZpfFPRKKJaB+DxDGni4ESrCCVQRZo root@ubuntu-bionic (ECDSA)
<14>Feb 19 09:29:52 ec2: 256 SHA256:sB9Ih3FPQrqfaGmYOIPQjLkz5HABz4RiswKyN5EjzDA root@ubuntu-bionic (ED25519)
<14>Feb 19 09:29:52 ec2: 2048 SHA256:UGjSGgIJ1e5Y9hYhgAzOMYJhoDe6lcmOID1EznMyQkc root@ubuntu-bionic (RSA)
<14>Feb 19 09:29:52 ec2: -----END SSH HOST KEY FINGERPRINTS-----
<14>Feb 19 09:29:52 ec2: #############################################################
-----BEGIN SSH HOST KEY KEYS-----
ecdsa-sha2-nistp256 AAAAE2VjZHNhLXNoYTItbmlzdHAyNTYAAAAIbmlzdHAyNTYAAABBBLaORlx7iqZz6XAm798zDifqviO15dKGj4DTS5QlAj+MaC7XvxdokrXiK2xW68NbfezAVxY2x/7JsLLFKsGRyg0= root@ubuntu-bionic
ssh-ed25519 AAAAC3NzaC1lZDI1NTE5AAAAILgALMYaZOuJQt0zxqFfawmEnDP0DecDJIIsJFVtoeWH root@ubuntu-bionic
ssh-rsa AAAAB3NzaC1yc2EAAAADAQABAAABAQC9OMwxJ1JtjdFMOWbL/O3SmGRvDuZ31C6ZWkydpb8hejMLhuLJ7Rb9XWzbA39tErY7geVU9HKqGJDTAtmsBWUF1Qc+UpxwTjZDxzRwcFB5Q5YEayoM180B9PlZPGh/LQAp0SFpQPrWC9biJQA02Jt1aVMbXttnLty6RCRV+r8xcSyZef0qpLceNa5QukQJMqo7JjZFfwd/szLIJ9ntiRcld7XC+j61Hyk3v2Qip+uBkaf9jqiyp4JpGw0scuaUibX25BR2DMw2awcP868kwu0W0C3HYbGivCw8pglD8/YfEoBChmD7UJqbWIBnp+RZy/v2SyeSgTNEuGnE2sYAUABl root@ubuntu-bionic
-----END SSH HOST KEY KEYS-----
[   39.597375] cloud-init[1065]: Cloud-init v. 20.3-2-g371b392c-0ubuntu1~18.04.1 running 'modules:final' at Fri, 19 Feb 2021 09:29:51 +0000. Up 38.61 seconds.
[   39.727086] cloud-init[1065]: ci-info: no authorized SSH keys fingerprints found for user ubuntu.
[   39.801433] cloud-init[1065]: Cloud-init v. 20.3-2-g371b392c-0ubuntu1~18.04.1 finished at Fri, 19 Feb 2021 09:29:52 +0000. Datasource DataSourceNoCloud [seed=/dev/sdb][dsmode=net].  Up 39.52 seconds
